#
# A fatal error has been detected by the Java Runtime Environment:
#
#  EXCEPTION_ACCESS_VIOLATION (0xc0000005) at pc=0x000000006d23a3c5, pid=1304, tid=3888
#
# JRE version: Java(TM) SE Runtime Environment (8.0_25-b18) (build 1.8.0_25-b18)
# Java VM: Java HotSpot(TM) 64-Bit Server VM (25.25-b02 mixed mode windows-amd64 compressed oops)
# Problematic frame:
# V  [jvm.dll+0x11a3c5]
#
# Failed to write core dump. Minidumps are not enabled by default on client versions of Windows
#
# If you would like to submit a bug report, please visit:
#   http://bugreport.sun.com/bugreport/crash.jsp
#

---------------  T H R E A D  ---------------

Current thread (0x000000000842a000):  JavaThread "JDWP Transport Listener: dt_socket" daemon [_thread_in_vm, id=3888, stack(0x000000000a3f0000,0x000000000a4f0000)]

siginfo: ExceptionCode=0xc0000005, reading address 0x00003b656c003b74

Registers:
RAX=0x000000000a4ef601, RBX=0x000000000842a000, RCX=0x00003b656c003b74, RDX=0x0000000000000000
RSP=0x000000000a4ef690, RBP=0x00003b656c003b74, RSI=0x000000000a4ef7a8, RDI=0x00000000021e9a70
R8 =0x000000000842a000, R9 =0x000001f400260011, R10=0x0000000000000000, R11=0x000000000a4ef93a
R12=0x0000000000000000, R13=0x0000000009b26498, R14=0x0000000000000000, R15=0x0000000000000000
RIP=0x000000006d23a3c5, EFLAGS=0x0000000000010206

Top of Stack: (sp=0x000000000a4ef690)
0x000000000a4ef690:   000000000842a000 000000000842a000
0x000000000a4ef6a0:   000000000a4ef758 000000006d4378db
0x000000000a4ef6b0:   000000000842a000 000000006d45413d
0x000000000a4ef6c0:   0000000000000000 0000000074f29149
0x000000000a4ef6d0:   00000000083c90d8 0000000074f32912
0x000000000a4ef6e0:   000000000842a000 0000000000000000
0x000000000a4ef6f0:   0000000000000000 0000000000000000
0x000000000a4ef700:   00003b656c003b74 0000000074f31a09
0x000000000a4ef710:   000000000a4ef7a8 000000000a4ef780
0x000000000a4ef720:   0000000000000001 00000000083c90d8
0x000000000a4ef730:   00003b656c003b74 0000000074f153b3
0x000000000a4ef740:   000000000a4ef870 0000000000000001
0x000000000a4ef750:   0000000000000001 00000000083c90d8
0x000000000a4ef760:   0000000000000009 0000000000000000
0x000000000a4ef770:   0000000000000000 0000000000000000
0x000000000a4ef780:   0000000000000001 0000000074f15571 

Instructions: (pc=0x000000006d23a3c5)
0x000000006d23a3a5:   cc cc cc cc cc cc cc cc cc cc cc 48 83 ec 28 48
0x000000006d23a3b5:   85 c9 75 07 33 c0 48 83 c4 28 c3 48 89 5c 24 20
0x000000006d23a3c5:   48 8b 19 48 85 db 74 20 48 83 fb 37 74 1a 48 8b
0x000000006d23a3d5:   13 48 8b cb ff 52 10 84 c0 74 0d 48 8b c3 48 8b 


Register to memory mapping:

RAX=0x000000000a4ef601 is pointing into the stack for thread: 0x000000000842a000
RBX=0x000000000842a000 is a thread
RCX=0x00003b656c003b74 is an unknown value
RDX=0x0000000000000000 is an unknown value
RSP=0x000000000a4ef690 is pointing into the stack for thread: 0x000000000842a000
RBP=0x00003b656c003b74 is an unknown value
RSI=0x000000000a4ef7a8 is pointing into the stack for thread: 0x000000000842a000
RDI=0x00000000021e9a70 is an unknown value
R8 =0x000000000842a000 is a thread
R9 =0x000001f400260011 is an unknown value
R10=0x0000000000000000 is an unknown value
R11=0x000000000a4ef93a is pointing into the stack for thread: 0x000000000842a000
R12=0x0000000000000000 is an unknown value
R13=0x0000000009b26498 is an unknown value
R14=0x0000000000000000 is an unknown value
R15=0x0000000000000000 is an unknown value


Stack: [0x000000000a3f0000,0x000000000a4f0000],  sp=0x000000000a4ef690,  free space=1021k
Native frames: (J=compiled Java code, j=interpreted, Vv=VM code, C=native code)
V  [jvm.dll+0x11a3c5]
V  [jvm.dll+0x33413d]
C  [jdwp.dll+0x21a09]
C  [jdwp.dll+0x53b3]
C  [jdwp.dll+0x5571]
C  [jdwp.dll+0xf09c]
C  [jdwp.dll+0x1f2c9]
C  [jdwp.dll+0x1f49e]
V  [jvm.dll+0x1abba8]
V  [jvm.dll+0x22bde4]
V  [jvm.dll+0x2852fa]
C  [msvcr100.dll+0x21d9f]
C  [msvcr100.dll+0x21e3b]
C  [kernel32.dll+0x1f34d]
C  [ntdll.dll+0x32ca1]


---------------  P R O C E S S  ---------------

Java Threads: ( => current thread )
  0x0000000009bb9000 JavaThread "Service Thread" daemon [_thread_blocked, id=2332, stack(0x000000000ad50000,0x000000000ae50000)]
  0x0000000009b49800 JavaThread "C1 CompilerThread2" daemon [_thread_blocked, id=3456, stack(0x000000000ac00000,0x000000000ad00000)]
  0x0000000009b48000 JavaThread "C2 CompilerThread1" daemon [_thread_blocked, id=4240, stack(0x000000000aaa0000,0x000000000aba0000)]
  0x0000000009b46800 JavaThread "C2 CompilerThread0" daemon [_thread_blocked, id=1344, stack(0x000000000a970000,0x000000000aa70000)]
  0x0000000009b37000 JavaThread "JDWP Command Reader" daemon [_thread_in_native, id=3256, stack(0x000000000a6e0000,0x000000000a7e0000)]
  0x0000000009b30000 JavaThread "JDWP Event Helper Thread" daemon [_thread_blocked, id=3500, stack(0x000000000a5b0000,0x000000000a6b0000)]
=>0x000000000842a000 JavaThread "JDWP Transport Listener: dt_socket" daemon [_thread_in_vm, id=3888, stack(0x000000000a3f0000,0x000000000a4f0000)]
  0x0000000008421000 JavaThread "Attach Listener" daemon [_thread_blocked, id=2572, stack(0x0000000009a20000,0x0000000009b20000)]
  0x000000000842f000 JavaThread "Signal Dispatcher" daemon [_thread_blocked, id=2700, stack(0x0000000009670000,0x0000000009770000)]
  0x00000000083c2800 JavaThread "Finalizer" daemon [_thread_blocked, id=4232, stack(0x0000000009460000,0x0000000009560000)]
  0x00000000083b9800 JavaThread "Reference Handler" daemon [_thread_blocked, id=4356, stack(0x0000000009780000,0x0000000009880000)]
  0x00000000021ee800 JavaThread "main" [_thread_blocked, id=4408, stack(0x0000000002370000,0x0000000002470000)]

Other Threads:
  0x00000000083b6000 VMThread [stack: 0x0000000009570000,0x0000000009670000] [id=4160]
  0x0000000009bbd800 WatcherThread [stack: 0x000000000a860000,0x000000000a960000] [id=2400]

VM state:not at safepoint (normal execution)

VM Mutex/Monitor currently owned by a thread: None

Heap:
 PSYoungGen      total 38400K, used 3328K [0x00000000d5f00000, 0x00000000d8980000, 0x0000000100000000)
  eden space 33280K, 10% used [0x00000000d5f00000,0x00000000d62401e8,0x00000000d7f80000)
  from space 5120K, 0% used [0x00000000d8480000,0x00000000d8480000,0x00000000d8980000)
  to   space 5120K, 0% used [0x00000000d7f80000,0x00000000d7f80000,0x00000000d8480000)
 ParOldGen       total 87552K, used 0K [0x0000000081c00000, 0x0000000087180000, 0x00000000d5f00000)
  object space 87552K, 0% used [0x0000000081c00000,0x0000000081c00000,0x0000000087180000)
 Metaspace       used 3467K, capacity 4540K, committed 4864K, reserved 1056768K
  class space    used 401K, capacity 428K, committed 512K, reserved 1048576K

Card table byte_map: [0x0000000002b00000,0x0000000002f00000] byte_map_base: 0x00000000026f2000

Marking Bits: (ParMarkBitMap*) 0x000000006d8fd490
 Begin Bits: [0x0000000003710000, 0x00000000056a0000)
 End Bits:   [0x00000000056a0000, 0x0000000007630000)

Polling page: 0x0000000000130000

CodeCache: size=245760Kb used=1211Kb max_used=1211Kb free=244548Kb
 bounds [0x000000000f010000, 0x000000000f280000, 0x000000001e010000]
 total_blobs=301 nmethods=64 adapters=160
 compilation: enabled

Compilation events (10 events):
Event: 0.175 Thread 0x0000000009b49800   62       1       java.lang.ref.Reference::get (5 bytes)
Event: 0.175 Thread 0x0000000009b49800 nmethod 62 0x000000000f13b050 code [0x000000000f13b1a0, 0x000000000f13b2b0]
Event: 0.175 Thread 0x0000000009b49800   61       1       java.util.ArrayList::size (5 bytes)
Event: 0.175 Thread 0x0000000009b49800 nmethod 61 0x000000000f13ad90 code [0x000000000f13aee0, 0x000000000f13aff0]
Event: 0.175 Thread 0x0000000009b49800   59       3       java.util.HashSet::add (20 bytes)
Event: 0.176 Thread 0x0000000009b49800 nmethod 59 0x000000000f139c90 code [0x000000000f139e20, 0x000000000f13a338]
Event: 0.177 Thread 0x0000000009b49800   63       1       java.nio.Buffer::position (5 bytes)
Event: 0.177 Thread 0x0000000009b49800 nmethod 63 0x000000000f1395d0 code [0x000000000f139720, 0x000000000f139830]
Event: 6.889 Thread 0x0000000009b49800   64       3       java.lang.AbstractStringBuilder::<init> (12 bytes)
Event: 6.889 Thread 0x0000000009b49800 nmethod 64 0x000000000f13ea10 code [0x000000000f13eb80, 0x000000000f13edd0]

GC Heap History (0 events):
No events

Deoptimization events (0 events):
No events

Internal exceptions (9 events):
Event: 0.038 Thread 0x00000000021ee800 Exception <a 'java/lang/NoSuchMethodError': Method sun.misc.Unsafe.defineClass(Ljava/lang/String;[BII)Ljava/lang/Class; name or signature does not match> (0x00000000d5f11f88) thrown at [D:\re\workspace\8-2-build-windows-amd64-cygwin\jdk8u25\1677\hotspot\sr7qk—|£?
Event: 0.038 Thread 0x00000000021ee800 Exception <a 'java/lang/NoSuchMethodError': Method sun.misc.Unsafe.prefetchRead(Ljava/lang/Object;J)V name or signature does not match> (0x00000000d5f12218) thrown at [D:\re\workspace\8-2-build-windows-amd64-cygwin\jdk8u25\1677\hotspot\src\share\vm\prims\jîvƒÜJ¾?
Event: 0.118 Thread 0x00000000021ee800 Exception <a 'java/security/PrivilegedActionException'> (0x00000000d5f60588) thrown at [D:\re\workspace\8-2-build-windows-amd64-cygwin\jdk8u25\1677\hotspot\src\share\vm\prims\jvm.cpp, line 1312]
Event: 0.144 Thread 0x00000000021ee800 Exception <a 'java/security/PrivilegedActionException'> (0x00000000d5f899c8) thrown at [D:\re\workspace\8-2-build-windows-amd64-cygwin\jdk8u25\1677\hotspot\src\share\vm\prims\jvm.cpp, line 1312]
Event: 0.144 Thread 0x00000000021ee800 Exception <a 'java/security/PrivilegedActionException'> (0x00000000d5f89d10) thrown at [D:\re\workspace\8-2-build-windows-amd64-cygwin\jdk8u25\1677\hotspot\src\share\vm\prims\jvm.cpp, line 1312]
Event: 0.145 Thread 0x00000000021ee800 Exception <a 'java/security/PrivilegedActionException'> (0x00000000d5f8d998) thrown at [D:\re\workspace\8-2-build-windows-amd64-cygwin\jdk8u25\1677\hotspot\src\share\vm\prims\jvm.cpp, line 1312]
Event: 0.145 Thread 0x00000000021ee800 Exception <a 'java/security/PrivilegedActionException'> (0x00000000d5f8dce0) thrown at [D:\re\workspace\8-2-build-windows-amd64-cygwin\jdk8u25\1677\hotspot\src\share\vm\prims\jvm.cpp, line 1312]
Event: 0.174 Thread 0x00000000021ee800 Exception <a 'java/security/PrivilegedActionException'> (0x00000000d61d0198) thrown at [D:\re\workspace\8-2-build-windows-amd64-cygwin\jdk8u25\1677\hotspot\src\share\vm\prims\jvm.cpp, line 1312]
Event: 0.174 Thread 0x00000000021ee800 Exception <a 'java/security/PrivilegedActionException'> (0x00000000d61d1428) thrown at [D:\re\workspace\8-2-build-windows-amd64-cygwin\jdk8u25\1677\hotspot\src\share\vm\prims\jvm.cpp, line 1312]

Events (10 events):
Event: 340.752 Executing VM operation: GetOrSetLocal
Event: 340.752 Executing VM operation: GetOrSetLocal done
Event: 340.767 Executing VM operation: GetOrSetLocal
Event: 340.767 Executing VM operation: GetOrSetLocal done
Event: 340.767 Executing VM operation: GetOrSetLocal
Event: 340.767 Executing VM operation: GetOrSetLocal done
Event: 340.786 loading class java/util/AbstractList$Itr
Event: 340.786 loading class java/util/AbstractList$Itr done
Event: 602.500 Executing VM operation: RedefineClasses
Event: 602.501 Executing VM operation: RedefineClasses done


Dynamic libraries:
0x000000013f960000 - 0x000000013f994000 	C:\Program Files\Java\jre1.8.0_25\bin\javaw.exe
0x0000000077560000 - 0x000000007770c000 	C:\Windows\SYSTEM32\ntdll.dll
0x0000000077440000 - 0x000000007755f000 	C:\Windows\system32\kernel32.dll
0x000007fefd5d0000 - 0x000007fefd63c000 	C:\Windows\system32\KERNELBASE.dll
0x000007fefecf0000 - 0x000007fefedcb000 	C:\Windows\system32\ADVAPI32.dll
0x000007feff650000 - 0x000007feff6ef000 	C:\Windows\system32\msvcrt.dll
0x000007feff630000 - 0x000007feff64f000 	C:\Windows\SYSTEM32\sechost.dll
0x000007feff030000 - 0x000007feff15e000 	C:\Windows\system32\RPCRT4.dll
0x0000000077340000 - 0x000000007743a000 	C:\Windows\system32\USER32.dll
0x000007fefe970000 - 0x000007fefe9d7000 	C:\Windows\system32\GDI32.dll
0x000007feff860000 - 0x000007feff86e000 	C:\Windows\system32\LPK.dll
0x000007fefda70000 - 0x000007fefdb3a000 	C:\Windows\system32\USP10.dll
0x000007fefbe50000 - 0x000007fefc044000 	C:\Windows\WinSxS\amd64_microsoft.windows.common-controls_6595b64144ccf1df_6.0.7600.16385_none_fa645303170382f6\COMCTL32.dll
0x000007feff6f0000 - 0x000007feff761000 	C:\Windows\system32\SHLWAPI.dll
0x000007fefecc0000 - 0x000007fefecee000 	C:\Windows\system32\IMM32.DLL
0x000007fefea60000 - 0x000007fefeb69000 	C:\Windows\system32\MSCTF.dll
0x000007fefd480000 - 0x000007fefd4b2000 	C:\Windows\system32\nvinitx.dll
0x000007fefd470000 - 0x000007fefd47c000 	C:\Windows\system32\VERSION.dll
0x000000000f000000 - 0x000000000f006000 	C:\Program Files\NVIDIA Corporation\CoProcManager\detoured.dll
0x000007fef8ce0000 - 0x000007fef8d12000 	C:\Program Files\NVIDIA Corporation\CoProcManager\nvd3d9wrapx.dll
0x000007fefd890000 - 0x000007fefda67000 	C:\Windows\system32\SETUPAPI.dll
0x000007fefd850000 - 0x000007fefd886000 	C:\Windows\system32\CFGMGR32.dll
0x000007feff540000 - 0x000007feff617000 	C:\Windows\system32\OLEAUT32.dll
0x000007fefee20000 - 0x000007feff021000 	C:\Windows\system32\ole32.dll
0x000007fefd570000 - 0x000007fefd58a000 	C:\Windows\system32\DEVOBJ.dll
0x000007fef8cb0000 - 0x000007fef8cd2000 	C:\Program Files\NVIDIA Corporation\CoProcManager\nvdxgiwrapx.dll
0x000000006ba50000 - 0x000000006bb22000 	C:\Program Files\Java\jre1.8.0_25\bin\msvcr100.dll
0x000000006d120000 - 0x000000006d97a000 	C:\Program Files\Java\jre1.8.0_25\bin\server\jvm.dll
0x000007fef9bb0000 - 0x000007fef9bb9000 	C:\Windows\system32\WSOCK32.dll
0x000007feff770000 - 0x000007feff7bd000 	C:\Windows\system32\WS2_32.dll
0x000007feff620000 - 0x000007feff628000 	C:\Windows\system32\NSI.dll
0x000007fefa2d0000 - 0x000007fefa30b000 	C:\Windows\system32\WINMM.dll
0x0000000077720000 - 0x0000000077727000 	C:\Windows\system32\PSAPI.DLL
0x0000000074fe0000 - 0x0000000074fef000 	C:\Program Files\Java\jre1.8.0_25\bin\verify.dll
0x0000000074fb0000 - 0x0000000074fd8000 	C:\Program Files\Java\jre1.8.0_25\bin\java.dll
0x0000000074f10000 - 0x0000000074f45000 	C:\Program Files\Java\jre1.8.0_25\bin\jdwp.dll
0x0000000075000000 - 0x0000000075008000 	C:\Program Files\Java\jre1.8.0_25\bin\npt.dll
0x0000000074f90000 - 0x0000000074fa6000 	C:\Program Files\Java\jre1.8.0_25\bin\zip.dll
0x000007fefdbe0000 - 0x000007fefe967000 	C:\Windows\system32\SHELL32.dll
0x000007fefd4c0000 - 0x000007fefd4cf000 	C:\Windows\system32\profapi.dll
0x0000000075010000 - 0x0000000075019000 	C:\Program Files\Java\jre1.8.0_25\bin\dt_socket.dll
0x000007fefa350000 - 0x000007fefa365000 	C:\Windows\system32\NLAapi.dll
0x000007fefcce0000 - 0x000007fefcd34000 	C:\Windows\System32\mswsock.dll
0x000007fefcb60000 - 0x000007fefcbbb000 	C:\Windows\system32\DNSAPI.dll
0x000007fef2e30000 - 0x000007fef2e3b000 	C:\Windows\System32\winrnr.dll
0x000007fef2e10000 - 0x000007fef2e25000 	C:\Windows\system32\napinsp.dll
0x000007fef2df0000 - 0x000007fef2e09000 	C:\Windows\system32\pnrpnsp.dll
0x000007fef9de0000 - 0x000007fef9e07000 	C:\Windows\system32\IPHLPAPI.DLL
0x000007fef9e80000 - 0x000007fef9e8b000 	C:\Windows\system32\WINNSI.DLL
0x000007fef9e20000 - 0x000007fef9e73000 	C:\Windows\System32\fwpuclnt.dll
0x000007fef7ee0000 - 0x000007fef7ee8000 	C:\Windows\system32\rasadhlp.dll
0x000007fefc690000 - 0x000007fefc697000 	C:\Windows\System32\wshtcpip.dll
0x000007feef100000 - 0x000007feef225000 	C:\Windows\system32\dbghelp.dll

VM Arguments:
jvm_args: -agentlib:jdwp=transport=dt_socket,suspend=y,address=localhost:2428 -Dfile.encoding=UTF-8 
java_command: judge._03_WeirdStrings
java_class_path (initial): C:\Users\Boris\workspaceLuna\JavaBasics21Sept2014Morning\bin
Launcher Type: SUN_STANDARD

Environment Variables:
PATH=C:/Program Files/Java/jre1.8.0_25/bin/server;C:/Program Files/Java/jre1.8.0_25/bin;C:/Program Files/Java/jre1.8.0_25/lib/amd64;C:\ProgramData\Oracle\Java\javapath;C:\Program Files (x86)\NVIDIA Corporation\PhysX\Common;C:\Windows\system32;C:\Windows;C:\Windows\System32\Wbem;C:\Windows\System32\WindowsPowerShell\v1.0\;C:\Program Files (x86)\Intel\OpenCL SDK\2.0\bin\x86;C:\Program Files (x86)\Intel\OpenCL SDK\2.0\bin\x64;C:\Program Files (x86)\Common Files\Acronis\SnapAPI\;C:\Program Files\Microsoft\Web Platform Installer\;C:\Program Files (x86)\Microsoft ASP.NET\ASP.NET Web Pages\v1.0\;C:\Program Files\Common Files\Autodesk Shared\;C:\Program Files\MySQL\MySQL Enterprise Backup 3.10.1\;C:\Program Files (x86)\Windows Kits\8.0\Windows Performance Toolkit\;C:\Windows\Microsoft.NET\Framework\v4.0.30319\;C:\Program Files\Java\jdk1.8.0_20\jre\bin\javaw.exe;C:\Program Files\TortoiseSVN\bin;C:\Windows\Microsoft.NET\Framework\v4.0.30319\;C:\Program Files\Java\jdk1.7.0_25\jre\bin\javaw.exe;;C:\Users\Boris\Desktop\eclipse;
USERNAME=Boris
OS=Windows_NT
PROCESSOR_IDENTIFIER=Intel64 Family 6 Model 58 Stepping 9, GenuineIntel



---------------  S Y S T E M  ---------------

OS: Windows 7 , 64 bit Build 7600 

CPU:total 4 (2 cores per cpu, 2 threads per core) family 6 model 58 stepping 9, cmov, cx8, fxsr, mmx, sse, sse2, sse3, ssse3, sse4.1, sse4.2, popcnt, clmul, erms, ht, tsc, tscinvbit, tscinv

Memory: 4k page, physical 8271676k(5363700k free), swap 16541456k(12828936k free)

vm_info: Java HotSpot(TM) 64-Bit Server VM (25.25-b02) for windows-amd64 JRE (1.8.0_25-b18), built on Oct  7 2014 14:25:37 by "java_re" with MS VC++ 10.0 (VS2010)

time: Tue Feb 10 12:07:06 2015
elapsed time: 602 seconds (0d 0h 10m 2s)

